<?xml version="1.0" encoding="UTF-8"?>
<testng-results skipped="0" failed="0" ignored="0" total="1" passed="1">
  <reporter-output>
  </reporter-output>
  <suite name="Suite" duration-ms="7180" started-at="2019-01-20T23:06:20Z" finished-at="2019-01-20T23:06:27Z">
    <groups>
    </groups>
    <test name="LeakBot" duration-ms="7180" started-at="2019-01-20T23:06:20Z" finished-at="2019-01-20T23:06:27Z">
      <class name="LeakBot.UpdateCredentials.LeakBotUpdateCredentials">
        <test-method status="PASS" signature="getdata()[pri:0, instance:LeakBot.UpdateCredentials.LeakBotUpdateCredentials@999068]" name="getdata" is-config="true" duration-ms="18" started-at="2019-01-20T23:06:20Z" finished-at="2019-01-20T23:06:20Z">
          <reporter-output>
          </reporter-output>
        </test-method> <!-- getdata -->
        <test-method status="PASS" signature="testmethod(java.lang.String, java.lang.String, java.lang.String, java.lang.String, java.lang.String, java.lang.String, java.lang.String, java.lang.String, java.lang.String, java.lang.String)[pri:0, instance:LeakBot.UpdateCredentials.LeakBotUpdateCredentials@999068]" name="testmethod" duration-ms="7138" started-at="2019-01-20T23:06:20Z" data-provider="User_Details" finished-at="2019-01-20T23:06:27Z">
          <params>
            <param index="0">
              <value>
                <![CDATA[b4444924ec456699e23024f2881282dd72419d30]]>
              </value>
            </param>
            <param index="1">
              <value>
                <![CDATA[2032]]>
              </value>
            </param>
            <param index="2">
              <value>
                <![CDATA[004455555777]]>
              </value>
            </param>
            <param index="3">
              <value>
                <![CDATA[004455555777]]>
              </value>
            </param>
            <param index="4">
              <value>
                <![CDATA[Jones]]>
              </value>
            </param>
            <param index="5">
              <value>
                <![CDATA[one.two@homeserve.com]]>
              </value>
            </param>
            <param index="6">
              <value>
                <![CDATA[1]]>
              </value>
            </param>
            <param index="7">
              <value>
                <![CDATA[1]]>
              </value>
            </param>
            <param index="8">
              <value>
                <![CDATA[0]]>
              </value>
            </param>
            <param index="9">
              <value>
                <![CDATA[Anne]]>
              </value>
            </param>
          </params>
          <reporter-output>
          </reporter-output>
        </test-method> <!-- testmethod -->
      </class> <!-- LeakBot.UpdateCredentials.LeakBotUpdateCredentials -->
    </test> <!-- LeakBot -->
  </suite> <!-- Suite -->
</testng-results>
